#
# There is insufficient memory for the Java Runtime Environment to continue.
# Native memory allocation (malloc) failed to allocate 65552 bytes for Chunk::new
# Possible reasons:
#   The system is out of physical RAM or swap space
#   In 32 bit mode, the process size limit was hit
# Possible solutions:
#   Reduce memory load on the system
#   Increase physical memory or swap space
#   Check if swap backing store is full
#   Use 64 bit Java on a 64 bit OS
#   Decrease Java heap size (-Xmx/-Xms)
#   Decrease number of Java threads
#   Decrease Java thread stack sizes (-Xss)
#   Set larger code cache with -XX:ReservedCodeCacheSize=
# This output file may be truncated or incomplete.
#
#  Out of Memory Error (allocation.cpp:390), pid=11672, tid=0x0000000000004d30
#
# JRE version: Java(TM) SE Runtime Environment (8.0_101-b13) (build 1.8.0_101-b13)
# Java VM: Java HotSpot(TM) 64-Bit Server VM (25.101-b13 mixed mode windows-amd64 compressed oops)
# Failed to write core dump. Minidumps are not enabled by default on client versions of Windows
#

---------------  T H R E A D  ---------------

Current thread (0x0000000006bbd800):  JavaThread "C2 CompilerThread2" daemon [_thread_in_native, id=19760, stack(0x0000000009790000,0x0000000009890000)]

Stack: [0x0000000009790000,0x0000000009890000]
[error occurred during error reporting (printing stack bounds), id 0xc0000005]

Native frames: (J=compiled Java code, j=interpreted, Vv=VM code, C=native code)


Current CompileTask:
C2:  10734 2117   !   4       com.android.dx.cf.code.Ropper::processBlock (1101 bytes)


---------------  P R O C E S S  ---------------

Java Threads: ( => current thread )
  0x0000000009d8e800 JavaThread "pool-2-thread-4" [_thread_in_Java, id=21352, stack(0x000000000a3b0000,0x000000000a4b0000)]
  0x0000000009d2b800 JavaThread "pool-2-thread-3" [_thread_in_Java, id=11872, stack(0x000000000a8b0000,0x000000000a9b0000)]
  0x0000000009d27000 JavaThread "pool-2-thread-2" [_thread_blocked, id=10512, stack(0x000000000a740000,0x000000000a840000)]
  0x0000000009d26000 JavaThread "pool-3-thread-1" [_thread_blocked, id=13880, stack(0x0000000009210000,0x0000000009310000)]
  0x0000000009c2e800 JavaThread "pool-2-thread-1" [_thread_in_Java, id=1800, stack(0x000000000a4c0000,0x000000000a5c0000)]
  0x0000000007ce7000 JavaThread "Service Thread" daemon [_thread_blocked, id=7072, stack(0x0000000009610000,0x0000000009710000)]
  0x0000000007c71000 JavaThread "C1 CompilerThread3" daemon [_thread_blocked, id=19772, stack(0x00000000098b0000,0x00000000099b0000)]
=>0x0000000006bbd800 JavaThread "C2 CompilerThread2" daemon [_thread_in_native, id=19760, stack(0x0000000009790000,0x0000000009890000)]
  0x0000000007c6f000 JavaThread "C2 CompilerThread1" daemon [_thread_blocked, id=20004, stack(0x00000000094e0000,0x00000000095e0000)]
  0x0000000007c6b800 JavaThread "C2 CompilerThread0" daemon [_thread_in_native, id=18044, stack(0x0000000008fe0000,0x00000000090e0000)]
  0x0000000007c68000 JavaThread "Attach Listener" daemon [_thread_blocked, id=17524, stack(0x0000000009330000,0x0000000009430000)]
  0x0000000007c67000 JavaThread "Signal Dispatcher" daemon [_thread_blocked, id=13692, stack(0x0000000009100000,0x0000000009200000)]
  0x0000000006bb2000 JavaThread "Finalizer" daemon [_thread_blocked, id=18252, stack(0x0000000008e70000,0x0000000008f70000)]
  0x0000000006bab000 JavaThread "Reference Handler" daemon [_thread_blocked, id=20344, stack(0x0000000008d00000,0x0000000008e00000)]
  0x0000000001ebf000 JavaThread "main" [_thread_in_Java, id=18180, stack(0x0000000002920000,0x0000000002a20000)]

Other Threads:
  0x0000000007c12800 VMThread [stack: 0x0000000008b90000,0x0000000008c90000] [id=19540]
  0x0000000007cf5800 WatcherThread [stack: 0x0000000009aa0000,0x0000000009ba0000] [id=8276]

VM state:not at safepoint (normal execution)

VM Mutex/Monitor currently owned by a thread: None

Heap:
 PSYoungGen      total 180224K, used 32959K [0x00000000eab00000, 0x0000000100000000, 0x0000000100000000)
  eden space 116736K, 28% used [0x00000000eab00000,0x00000000ecbabe10,0x00000000f1d00000)
  from space 63488K, 0% used [0x00000000fc200000,0x00000000fc200000,0x0000000100000000)
  to   space 116224K, 0% used [0x00000000f1d00000,0x00000000f1d00000,0x00000000f8e80000)
 ParOldGen       total 338432K, used 188062K [0x00000000c0000000, 0x00000000d4a80000, 0x00000000eab00000)
  object space 338432K, 55% used [0x00000000c0000000,0x00000000cb7a79b8,0x00000000d4a80000)
 Metaspace       used 6526K, capacity 7256K, committed 7424K, reserved 1056768K
  class space    used 625K, capacity 656K, committed 768K, reserved 1048576K

Card table byte_map: [0x00000000030b0000,0x00000000032c0000] byte_map_base: 0x0000000002ab0000

Marking Bits: (ParMarkBitMap*) 0x00000000026da6d0
 Begin Bits: [0x0000000003fc0000, 0x0000000004fc0000)
 End Bits:   [0x0000000004fc0000, 0x0000000005fc0000)

Polling page: 0x0000000000440000

CodeCache: size=245760Kb used=9203Kb max_used=9203Kb free=236556Kb
 bounds [0x000000000f010000, 0x000000000f920000, 0x000000001e010000]
 total_blobs=2407 nmethods=2137 adapters=182
 compilation: enabled

Compilation events (10 events):
Event: 8.250 Thread 0x0000000007c71000 2279       2       com.android.dx.dex.cf.AttributeTranslator::translateEnclosingMethod (50 bytes)
Event: 8.251 Thread 0x0000000007c71000 nmethod 2279 0x000000000f8f92d0 code [0x000000000f8f94c0, 0x000000000f8f9a28]
Event: 8.300 Thread 0x0000000007c71000 2282       2       java.util.BitSet::clear (28 bytes)
Event: 8.300 Thread 0x0000000007c71000 nmethod 2282 0x000000000f8f9ed0 code [0x000000000f8fa040, 0x000000000f8fa210]
Event: 8.300 Thread 0x0000000007c71000 2283       2       java.util.Collections::swap (25 bytes)
Event: 8.300 Thread 0x0000000007c71000 nmethod 2283 0x000000000f8fa310 code [0x000000000f8fa480, 0x000000000f8fa648]
Event: 10.657 Thread 0x0000000007c6b800 nmethod 2209% 0x000000000f902990 code [0x000000000f902e20, 0x000000000f908308]
Event: 10.657 Thread 0x0000000007c6b800 2270 %     4       com.android.dx.ssa.Dominators::run @ 403 (506 bytes)
Event: 10.664 Thread 0x0000000007c6b800 nmethod 2270% 0x000000000f8fed50 code [0x000000000f8feec0, 0x000000000f8ff318]
Event: 10.665 Thread 0x0000000007c6b800 2261   !   4       com.android.dx.rop.type.Type::intern (319 bytes)

GC Heap History (10 events):
Event: 3.861 GC heap before
{Heap before GC invocations=6 (full 1):
 PSYoungGen      total 138240K, used 5099K [0x00000000eab00000, 0x0000000100000000, 0x0000000100000000)
  eden space 133120K, 0% used [0x00000000eab00000,0x00000000eab00000,0x00000000f2d00000)
  from space 5120K, 99% used [0x00000000f2d00000,0x00000000f31fac60,0x00000000f3200000)
  to   space 48128K, 0% used [0x00000000fd100000,0x00000000fd100000,0x0000000100000000)
 ParOldGen       total 87552K, used 71920K [0x00000000c0000000, 0x00000000c5580000, 0x00000000eab00000)
  object space 87552K, 82% used [0x00000000c0000000,0x00000000c463c0f8,0x00000000c5580000)
 Metaspace       used 6458K, capacity 7192K, committed 7424K, reserved 1056768K
  class space    used 625K, capacity 656K, committed 768K, reserved 1048576K
Event: 5.204 GC heap after
Heap after GC invocations=6 (full 1):
 PSYoungGen      total 138240K, used 0K [0x00000000eab00000, 0x0000000100000000, 0x0000000100000000)
  eden space 133120K, 0% used [0x00000000eab00000,0x00000000eab00000,0x00000000f2d00000)
  from space 5120K, 0% used [0x00000000f2d00000,0x00000000f2d00000,0x00000000f3200000)
  to   space 48128K, 0% used [0x00000000fd100000,0x00000000fd100000,0x0000000100000000)
 ParOldGen       total 165888K, used 73955K [0x00000000c0000000, 0x00000000ca200000, 0x00000000eab00000)
  object space 165888K, 44% used [0x00000000c0000000,0x00000000c4838cf0,0x00000000ca200000)
 Metaspace       used 6458K, capacity 7192K, committed 7424K, reserved 1056768K
  class space    used 625K, capacity 656K, committed 768K, reserved 1048576K
}
Event: 5.970 GC heap before
{Heap before GC invocations=7 (full 1):
 PSYoungGen      total 138240K, used 133120K [0x00000000eab00000, 0x0000000100000000, 0x0000000100000000)
  eden space 133120K, 100% used [0x00000000eab00000,0x00000000f2d00000,0x00000000f2d00000)
  from space 5120K, 0% used [0x00000000f2d00000,0x00000000f2d00000,0x00000000f3200000)
  to   space 48128K, 0% used [0x00000000fd100000,0x00000000fd100000,0x0000000100000000)
 ParOldGen       total 165888K, used 73955K [0x00000000c0000000, 0x00000000ca200000, 0x00000000eab00000)
  object space 165888K, 44% used [0x00000000c0000000,0x00000000c4838cf0,0x00000000ca200000)
 Metaspace       used 6470K, capacity 7192K, committed 7424K, reserved 1056768K
  class space    used 625K, capacity 656K, committed 768K, reserved 1048576K
Event: 6.585 GC heap after
Heap after GC invocations=7 (full 1):
 PSYoungGen      total 248832K, used 48122K [0x00000000eab00000, 0x0000000100000000, 0x0000000100000000)
  eden space 200704K, 0% used [0x00000000eab00000,0x00000000eab00000,0x00000000f6f00000)
  from space 48128K, 99% used [0x00000000fd100000,0x00000000ffffe978,0x0000000100000000)
  to   space 63488K, 0% used [0x00000000f8400000,0x00000000f8400000,0x00000000fc200000)
 ParOldGen       total 165888K, used 80567K [0x00000000c0000000, 0x00000000ca200000, 0x00000000eab00000)
  object space 165888K, 48% used [0x00000000c0000000,0x00000000c4eaddd0,0x00000000ca200000)
 Metaspace       used 6470K, capacity 7192K, committed 7424K, reserved 1056768K
  class space    used 625K, capacity 656K, committed 768K, reserved 1048576K
}
Event: 7.211 GC heap before
{Heap before GC invocations=8 (full 1):
 PSYoungGen      total 248832K, used 248826K [0x00000000eab00000, 0x0000000100000000, 0x0000000100000000)
  eden space 200704K, 100% used [0x00000000eab00000,0x00000000f6f00000,0x00000000f6f00000)
  from space 48128K, 99% used [0x00000000fd100000,0x00000000ffffe978,0x0000000100000000)
  to   space 63488K, 0% used [0x00000000f8400000,0x00000000f8400000,0x00000000fc200000)
 ParOldGen       total 165888K, used 80567K [0x00000000c0000000, 0x00000000ca200000, 0x00000000eab00000)
  object space 165888K, 48% used [0x00000000c0000000,0x00000000c4eaddd0,0x00000000ca200000)
 Metaspace       used 6475K, capacity 7192K, committed 7424K, reserved 1056768K
  class space    used 625K, capacity 656K, committed 768K, reserved 1048576K
Event: 7.676 GC heap after
Heap after GC invocations=8 (full 1):
 PSYoungGen      total 285696K, used 63482K [0x00000000eab00000, 0x0000000100000000, 0x0000000100000000)
  eden space 222208K, 0% used [0x00000000eab00000,0x00000000eab00000,0x00000000f8400000)
  from space 63488K, 99% used [0x00000000f8400000,0x00000000fc1feb08,0x00000000fc200000)
  to   space 63488K, 0% used [0x00000000fc200000,0x00000000fc200000,0x0000000100000000)
 ParOldGen       total 165888K, used 105320K [0x00000000c0000000, 0x00000000ca200000, 0x00000000eab00000)
  object space 165888K, 63% used [0x00000000c0000000,0x00000000c66da068,0x00000000ca200000)
 Metaspace       used 6475K, capacity 7192K, committed 7424K, reserved 1056768K
  class space    used 625K, capacity 656K, committed 768K, reserved 1048576K
}
Event: 8.358 GC heap before
{Heap before GC invocations=9 (full 1):
 PSYoungGen      total 285696K, used 285690K [0x00000000eab00000, 0x0000000100000000, 0x0000000100000000)
  eden space 222208K, 100% used [0x00000000eab00000,0x00000000f8400000,0x00000000f8400000)
  from space 63488K, 99% used [0x00000000f8400000,0x00000000fc1feb08,0x00000000fc200000)
  to   space 63488K, 0% used [0x00000000fc200000,0x00000000fc200000,0x0000000100000000)
 ParOldGen       total 165888K, used 105320K [0x00000000c0000000, 0x00000000ca200000, 0x00000000eab00000)
  object space 165888K, 63% used [0x00000000c0000000,0x00000000c66da068,0x00000000ca200000)
 Metaspace       used 6526K, capacity 7256K, committed 7424K, reserved 1056768K
  class space    used 625K, capacity 656K, committed 768K, reserved 1048576K
Event: 9.171 GC heap after
Heap after GC invocations=9 (full 1):
 PSYoungGen      total 180224K, used 63470K [0x00000000eab00000, 0x0000000100000000, 0x0000000100000000)
  eden space 116736K, 0% used [0x00000000eab00000,0x00000000eab00000,0x00000000f1d00000)
  from space 63488K, 99% used [0x00000000fc200000,0x00000000ffffbaf8,0x0000000100000000)
  to   space 116224K, 0% used [0x00000000f1d00000,0x00000000f1d00000,0x00000000f8e80000)
 ParOldGen       total 217088K, used 214062K [0x00000000c0000000, 0x00000000cd400000, 0x00000000eab00000)
  object space 217088K, 98% used [0x00000000c0000000,0x00000000cd10baf0,0x00000000cd400000)
 Metaspace       used 6526K, capacity 7256K, committed 7424K, reserved 1056768K
  class space    used 625K, capacity 656K, committed 768K, reserved 1048576K
}
Event: 9.171 GC heap before
{Heap before GC invocations=10 (full 2):
 PSYoungGen      total 180224K, used 63470K [0x00000000eab00000, 0x0000000100000000, 0x0000000100000000)
  eden space 116736K, 0% used [0x00000000eab00000,0x00000000eab00000,0x00000000f1d00000)
  from space 63488K, 99% used [0x00000000fc200000,0x00000000ffffbaf8,0x0000000100000000)
  to   space 116224K, 0% used [0x00000000f1d00000,0x00000000f1d00000,0x00000000f8e80000)
 ParOldGen       total 217088K, used 214062K [0x00000000c0000000, 0x00000000cd400000, 0x00000000eab00000)
  object space 217088K, 98% used [0x00000000c0000000,0x00000000cd10baf0,0x00000000cd400000)
 Metaspace       used 6526K, capacity 7256K, committed 7424K, reserved 1056768K
  class space    used 625K, capacity 656K, committed 768K, reserved 1048576K
Event: 10.634 GC heap after
Heap after GC invocations=10 (full 2):
 PSYoungGen      total 180224K, used 0K [0x00000000eab00000, 0x0000000100000000, 0x0000000100000000)
  eden space 116736K, 0% used [0x00000000eab00000,0x00000000eab00000,0x00000000f1d00000)
  from space 63488K, 0% used [0x00000000fc200000,0x00000000fc200000,0x0000000100000000)
  to   space 116224K, 0% used [0x00000000f1d00000,0x00000000f1d00000,0x00000000f8e80000)
 ParOldGen       total 338432K, used 188062K [0x00000000c0000000, 0x00000000d4a80000, 0x00000000eab00000)
  object space 338432K, 55% used [0x00000000c0000000,0x00000000cb7a79b8,0x00000000d4a80000)
 Metaspace       used 6526K, capacity 7256K, committed 7424K, reserved 1056768K
  class space    used 625K, capacity 656K, committed 768K, reserved 1048576K
}

Deoptimization events (10 events):
Event: 5.347 Thread 0x0000000001ebf000 Uncommon trap: reason=unstable_if action=reinterpret pc=0x000000000f37a638 method=com.android.dx.ssa.SetFactory.makeLivenessSet(I)Lcom/android/dx/util/IntSet; @ 4
Event: 7.185 Thread 0x0000000001ebf000 Uncommon trap: reason=class_check action=maybe_recompile pc=0x000000000f762ab8 method=com.android.dx.cf.code.BaseMachine.addResult(Lcom/android/dx/rop/type/TypeBearer;)V @ 23
Event: 7.185 Thread 0x0000000001ebf000 Uncommon trap: reason=class_check action=maybe_recompile pc=0x000000000f79d7a4 method=com.android.dx.cf.code.RopperMachine.run(Lcom/android/dx/cf/code/Frame;II)V @ 310
Event: 7.187 Thread 0x0000000001ebf000 Uncommon trap: reason=unstable_if action=reinterpret pc=0x000000000f79d7d8 method=java.util.HashMap.getNode(ILjava/lang/Object;)Ljava/util/HashMap$Node; @ 84
Event: 7.187 Thread 0x0000000001ebf000 Uncommon trap: reason=unstable_if action=reinterpret pc=0x000000000f729d7c method=java.util.HashMap.getNode(ILjava/lang/Object;)Ljava/util/HashMap$Node; @ 84
Event: 7.190 Thread 0x0000000001ebf000 Uncommon trap: reason=class_check action=maybe_recompile pc=0x000000000f762ab8 method=com.android.dx.cf.code.BaseMachine.addResult(Lcom/android/dx/rop/type/TypeBearer;)V @ 23
Event: 7.697 Thread 0x0000000001ebf000 Uncommon trap: reason=class_check action=maybe_recompile pc=0x000000000f762ab8 method=com.android.dx.cf.code.BaseMachine.addResult(Lcom/android/dx/rop/type/TypeBearer;)V @ 23
Event: 7.712 Thread 0x0000000001ebf000 Uncommon trap: reason=bimorphic action=maybe_recompile pc=0x000000000f749e5c method=com.android.dx.cf.code.BytecodeArray.parseInstruction(ILcom/android/dx/cf/code/BytecodeArray$Visitor;)I @ 2135
Event: 7.712 Thread 0x0000000001ebf000 Uncommon trap: reason=bimorphic action=maybe_recompile pc=0x000000000f749e5c method=com.android.dx.cf.code.BytecodeArray.parseInstruction(ILcom/android/dx/cf/code/BytecodeArray$Visitor;)I @ 2135
Event: 8.210 Thread 0x0000000001ebf000 Uncommon trap: reason=unstable_if action=reinterpret pc=0x000000000f8ab844 method=java.util.HashMap.putVal(ILjava/lang/Object;Ljava/lang/Object;ZZ)Ljava/lang/Object; @ 109

Internal exceptions (6 events):
Event: 0.070 Thread 0x0000000001ebf000 Exception <a 'java/lang/NoSuchMethodError': Method sun.misc.Unsafe.defineClass(Ljava/lang/String;[BII)Ljava/lang/Class; name or signature does not match> (0x00000000eab07cc0) thrown at [C:\re\workspace\8-2-build-windows-amd64-cygwin\jdk8u101\7261\hotspot\se^>ëüè±?
Event: 0.070 Thread 0x0000000001ebf000 Exception <a 'java/lang/NoSuchMethodError': Method sun.misc.Unsafe.prefetchRead(Ljava/lang/Object;J)V name or signature does not match> (0x00000000eab07fa8) thrown at [C:\re\workspace\8-2-build-windows-amd64-cygwin\jdk8u101\7261\hotspot\src\share\vm\prims\G8^*)Jõ?
Event: 1.331 Thread 0x0000000009c2e800 Implicit null exception at 0x000000000f275912 to 0x000000000f275a02
Event: 2.435 Thread 0x0000000009c2e800 Exception <a 'java/lang/ArrayIndexOutOfBoundsException': 18> (0x00000000ec9b21f8) thrown at [C:\re\workspace\8-2-build-windows-amd64-cygwin\jdk8u101\7261\hotspot\src\share\vm\interpreter\interpreterRuntime.cpp, line 366]
Event: 2.436 Thread 0x0000000009c2e800 Exception <a 'java/lang/ArrayIndexOutOfBoundsException': 145> (0x00000000ec9b3d78) thrown at [C:\re\workspace\8-2-build-windows-amd64-cygwin\jdk8u101\7261\hotspot\src\share\vm\interpreter\interpreterRuntime.cpp, line 366]
Event: 2.436 Thread 0x0000000009c2e800 Exception <a 'java/lang/ArrayIndexOutOfBoundsException': 40> (0x00000000ec9b5060) thrown at [C:\re\workspace\8-2-build-windows-amd64-cygwin\jdk8u101\7261\hotspot\src\share\vm\interpreter\interpreterRuntime.cpp, line 366]

Events (10 events):
Event: 10.646 Thread 0x0000000009d8e800 DEOPT PACKING pc=0x000000000f2a1b9c sp=0x000000000a4ae9f0
Event: 10.646 Thread 0x0000000009d8e800 DEOPT UNPACKING pc=0x000000000f05787f sp=0x000000000a4ae708 mode 0
Event: 10.663 Thread 0x0000000009d8e800 DEOPT PACKING pc=0x000000000f4af6a6 sp=0x000000000a4ae690
Event: 10.663 Thread 0x0000000009d8e800 DEOPT UNPACKING pc=0x000000000f05787f sp=0x000000000a4ae4d0 mode 0
Event: 10.677 Thread 0x0000000009d8e800 DEOPT PACKING pc=0x000000000f867288 sp=0x000000000a4ae980
Event: 10.677 Thread 0x0000000009d8e800 DEOPT UNPACKING pc=0x000000000f05787f sp=0x000000000a4ae7b0 mode 0
Event: 10.686 Thread 0x0000000001ebf000 DEOPT PACKING pc=0x000000000f2a1b9c sp=0x0000000002a1e5b0
Event: 10.686 Thread 0x0000000001ebf000 DEOPT UNPACKING pc=0x000000000f05787f sp=0x0000000002a1e2c8 mode 0
Event: 10.696 Thread 0x0000000001ebf000 DEOPT PACKING pc=0x000000000f351f7d sp=0x0000000002a1e150
Event: 10.696 Thread 0x0000000001ebf000 DEOPT UNPACKING pc=0x000000000f05787f sp=0x0000000002a1dec0 mode 0


Dynamic libraries:
0x000000013f180000 - 0x000000013f1b7000 	C:\Program Files\Java\jdk1.8.0_101\bin\java.exe
0x0000000077b00000 - 0x0000000077caa000 	C:\Windows\SYSTEM32\ntdll.dll
0x000007fef14e0000 - 0x000007fef1513000 	C:\Program Files (x86)\AVG\Av\avghooka.dll
0x00000000779e0000 - 0x0000000077aff000 	C:\Windows\system32\kernel32.dll
0x000007fefc7f0000 - 0x000007fefc85a000 	C:\Windows\system32\KERNELBASE.dll
0x000007fefca00000 - 0x000007fefcadb000 	C:\Windows\system32\ADVAPI32.dll
0x000007fefd540000 - 0x000007fefd5df000 	C:\Windows\system32\msvcrt.dll
0x000007fefc8b0000 - 0x000007fefc8cf000 	C:\Windows\SYSTEM32\sechost.dll
0x000007fefd5e0000 - 0x000007fefd70d000 	C:\Windows\system32\RPCRT4.dll
0x00000000778e0000 - 0x00000000779da000 	C:\Windows\system32\USER32.dll
0x000007fefc910000 - 0x000007fefc977000 	C:\Windows\system32\GDI32.dll
0x000007fefcdd0000 - 0x000007fefcdde000 	C:\Windows\system32\LPK.dll
0x000007fefdb60000 - 0x000007fefdc2a000 	C:\Windows\system32\USP10.dll
0x000007fefae80000 - 0x000007fefb074000 	C:\Windows\WinSxS\amd64_microsoft.windows.common-controls_6595b64144ccf1df_6.0.7601.18837_none_fa3b1e3d17594757\COMCTL32.dll
0x000007fefcb40000 - 0x000007fefcbb1000 	C:\Windows\system32\SHLWAPI.dll
0x000007fefc8e0000 - 0x000007fefc90e000 	C:\Windows\system32\IMM32.DLL
0x000007fefd430000 - 0x000007fefd539000 	C:\Windows\system32\MSCTF.dll
0x000007fefc430000 - 0x000007fefc45f000 	C:\Windows\system32\nvinitx.dll
0x000000000f000000 - 0x000000000f006000 	C:\Program Files\NVIDIA Corporation\CoProcManager\_etoured.dll
0x000007fef95e0000 - 0x000007fef963f000 	C:\Program Files\NVIDIA Corporation\CoProcManager\nvd3d9wrapx.dll
0x000007fefd250000 - 0x000007fefd427000 	C:\Windows\system32\SETUPAPI.dll
0x000007fefc770000 - 0x000007fefc7a6000 	C:\Windows\system32\CFGMGR32.dll
0x000007fefd9e0000 - 0x000007fefdaba000 	C:\Windows\system32\OLEAUT32.dll
0x000007fefcbc0000 - 0x000007fefcdc3000 	C:\Windows\system32\ole32.dll
0x000007fefc6b0000 - 0x000007fefc6ca000 	C:\Windows\system32\DEVOBJ.dll
0x000007fef9590000 - 0x000007fef95d6000 	C:\Program Files\NVIDIA Corporation\CoProcManager\nvdxgiwrapx.dll
0x00000000651a0000 - 0x0000000065272000 	C:\Program Files\Java\jdk1.8.0_101\jre\bin\msvcr100.dll
0x0000000001ec0000 - 0x000000000275a000 	C:\Program Files\Java\jdk1.8.0_101\jre\bin\server\jvm.dll
0x000007fef71e0000 - 0x000007fef71e9000 	C:\Windows\system32\WSOCK32.dll
0x000007fefea80000 - 0x000007fefeacd000 	C:\Windows\system32\WS2_32.dll
0x000007fefc8d0000 - 0x000007fefc8d8000 	C:\Windows\system32\NSI.dll
0x000007fefa1c0000 - 0x000007fefa1fb000 	C:\Windows\system32\WINMM.dll
0x000007fefb510000 - 0x000007fefb51c000 	C:\Windows\system32\VERSION.dll
0x0000000077cd0000 - 0x0000000077cd7000 	C:\Windows\system32\PSAPI.DLL
0x00000000750a0000 - 0x00000000750af000 	C:\Program Files\Java\jdk1.8.0_101\jre\bin\verify.dll
0x0000000065b10000 - 0x0000000065b39000 	C:\Program Files\Java\jdk1.8.0_101\jre\bin\java.dll
0x0000000072940000 - 0x0000000072956000 	C:\Program Files\Java\jdk1.8.0_101\jre\bin\zip.dll
0x000007fefdcf0000 - 0x000007fefea7a000 	C:\Windows\system32\SHELL32.dll
0x000007fefc4f0000 - 0x000007fefc4ff000 	C:\Windows\system32\profapi.dll

VM Arguments:
jvm_args: -Djava.awt.headless=true -Xmx1024M -Dfile.encoding=windows-1252 -Duser.country=US -Duser.language=en -Duser.variant 
java_command: com.android.dx.command.Main --dex --force-jumbo --num-threads=4 --multi-dex --output C:\Users\Vivi\Documents\android\KIAgreementsMap\cnet\app\build\intermediates\transforms\dex\debug\folders\1000\10\com.google.android.gms-play-services-ads-8.4.0_358113446fce87ede9ae999c79a405bbb4a3e47a C:\Users\Vivi\Documents\android\KIAgreementsMap\cnet\app\build\intermediates\exploded-aar\com.google.android.gms\play-services-ads\8.4.0\jars\classes.jar
java_class_path (initial): C:\Users\Vivi\AppData\Local\Android\sdk\build-tools\23.0.2\lib\dx.jar
Launcher Type: SUN_STANDARD

Environment Variables:
PATH=C:\ProgramData\Oracle\Java\javapath;C:\Program Files (x86)\NVIDIA Corporation\PhysX\Common;C:\Program Files (x86)\Intel\iCLS Client\;C:\Program Files\Intel\iCLS Client\;C:\Windows\system32;C:\Windows;C:\Windows\System32\Wbem;C:\Windows\System32\WindowsPowerShell\v1.0\;C:\Program Files\Intel\Intel(R) Management Engine Components\DAL;C:\Program Files\Intel\Intel(R) Management Engine Components\IPT;C:\Program Files (x86)\Intel\Intel(R) Management Engine Components\DAL;C:\Program Files (x86)\Intel\Intel(R) Management Engine Components\IPT;C:\Program Files (x86)\Intel\OpenCL SDK\2.0\bin\x86;C:\Program Files (x86)\Intel\OpenCL SDK\2.0\bin\x64;c:\Program Files (x86)\Microsoft SQL Server\100\Tools\Binn\;c:\Program Files\Microsoft SQL Server\100\Tools\Binn\;c:\Program Files\Microsoft SQL Server\100\DTS\Binn\;C:\Program Files (x86)\Microsoft ASP.NET\ASP.NET Web Pages\v1.0\;C:\Program Files\Microsoft SQL Server\110\Tools\Binn\;c:\Program Files (x86)\Microsoft SQL Server\100\Tools\Binn\VSShell\Common7\IDE\;c:\Program Files (x86)\Microsoft SQL Server\100\DTS\Binn\;C:\Program Files\Microsoft\Web Platform Installer\;C:\Program Files (x86)\Skype\Phone\;C:\Windows\system32\config\systemprofile\.dnx\bin;C:\Program Files\Microsoft DNX\Dnvm\;C:\Program Files\Microsoft SQL Server\130\Tools\Binn\;C:\Program Files (x86)\Windows Kits\8.1\Windows Performance Toolkit\;C:\Program Files\Microsoft SQL Server\120\Tools\Binn\;C:\Program Files\Git\cmd;C:\Program Files\nodejs\;C:\Program Files (x86)\Heroku\bin;C:\Program Files (x86)\git\cmd;C:\Program Files (x86)\Git\cmd;C:\Users\Vivi\AppData\Local\Programs\Python\Python35-32\Scripts\;C:\Users\Vivi\AppData\Local\Programs\Python\Python35-32\;C:\Users\Vivi\AppData\Roaming\npm
USERNAME=Vivi
OS=Windows_NT
PROCESSOR_IDENTIFIER=Intel64 Family 6 Model 58 Stepping 9, GenuineIntel



---------------  S Y S T E M  ---------------

OS: Windows 7 , 64 bit Build 7601 (6.1.7601.23569)

CPU:total 8 (4 cores per cpu, 2 threads per core) family 6 model 58 stepping 9, cmov, cx8, fxsr, mmx, sse, sse2, sse3, ssse3, sse4.1, sse4.2, popcnt, avx, aes, clmul, erms, ht, tsc, tscinvbit, tscinv

Memory: 4k page, physical 8268092k(426804k free), swap 20941992k(7632k free)

vm_info: Java HotSpot(TM) 64-Bit Server VM (25.101-b13) for windows-amd64 JRE (1.8.0_101-b13), built on Jun 22 2016 01:21:29 by "java_re" with MS VC++ 10.0 (VS2010)

time: Fri Nov 18 16:25:25 2016
elapsed time: 10 seconds (0d 0h 0m 10s)

