#
# There is insufficient memory for the Java Runtime Environment to continue.
# Native memory allocation (malloc) failed to allocate 131088 bytes for Chunk::new
# Possible reasons:
#   The system is out of physical RAM or swap space
#   In 32 bit mode, the process size limit was hit
# Possible solutions:
#   Reduce memory load on the system
#   Increase physical memory or swap space
#   Check if swap backing store is full
#   Use 64 bit Java on a 64 bit OS
#   Decrease Java heap size (-Xmx/-Xms)
#   Decrease number of Java threads
#   Decrease Java thread stack sizes (-Xss)
#   Set larger code cache with -XX:ReservedCodeCacheSize=
# This output file may be truncated or incomplete.
#
#  Out of Memory Error (allocation.cpp:390), pid=15660, tid=0x000000000000267c
#
# JRE version: Java(TM) SE Runtime Environment (8.0_101-b13) (build 1.8.0_101-b13)
# Java VM: Java HotSpot(TM) 64-Bit Server VM (25.101-b13 mixed mode windows-amd64 compressed oops)
# Failed to write core dump. Minidumps are not enabled by default on client versions of Windows
#

---------------  T H R E A D  ---------------

Current thread (0x0000000007ab2000):  JavaThread "C2 CompilerThread0" daemon [_thread_in_native, id=9852, stack(0x0000000009240000,0x0000000009340000)]

Stack: [0x0000000009240000,0x0000000009340000]
[error occurred during error reporting (printing stack bounds), id 0xc0000005]

Native frames: (J=compiled Java code, j=interpreted, Vv=VM code, C=native code)


Current CompileTask:
C2:  13506 2152       4       com.android.dx.ssa.ConstCollector::updateConstUses (248 bytes)


---------------  P R O C E S S  ---------------

Java Threads: ( => current thread )
  0x0000000009cb7800 JavaThread "pool-2-thread-4" [_thread_in_Java, id=17520, stack(0x000000000a9d0000,0x000000000aad0000)]
  0x0000000009cb4000 JavaThread "pool-2-thread-3" [_thread_blocked, id=22128, stack(0x000000000a850000,0x000000000a950000)]
  0x0000000009cb3800 JavaThread "pool-2-thread-2" [_thread_blocked, id=13500, stack(0x000000000a720000,0x000000000a820000)]
  0x0000000007d57000 JavaThread "pool-3-thread-1" [_thread_blocked, id=11576, stack(0x000000000a5d0000,0x000000000a6d0000)]
  0x0000000007d52000 JavaThread "pool-2-thread-1" [_thread_in_Java, id=19348, stack(0x0000000009390000,0x0000000009490000)]
  0x0000000007b48000 JavaThread "Service Thread" daemon [_thread_blocked, id=20804, stack(0x0000000009a40000,0x0000000009b40000)]
  0x0000000007b21000 JavaThread "C1 CompilerThread3" daemon [_thread_blocked, id=12828, stack(0x0000000009850000,0x0000000009950000)]
  0x0000000007b18000 JavaThread "C2 CompilerThread2" daemon [_thread_in_native, id=13772, stack(0x00000000096b0000,0x00000000097b0000)]
  0x0000000007ab6000 JavaThread "C2 CompilerThread1" daemon [_thread_in_native, id=16300, stack(0x00000000094f0000,0x00000000095f0000)]
=>0x0000000007ab2000 JavaThread "C2 CompilerThread0" daemon [_thread_in_native, id=9852, stack(0x0000000009240000,0x0000000009340000)]
  0x0000000007aae800 JavaThread "Attach Listener" daemon [_thread_blocked, id=20700, stack(0x0000000008ec0000,0x0000000008fc0000)]
  0x0000000007aad000 JavaThread "Signal Dispatcher" daemon [_thread_blocked, id=22000, stack(0x0000000009010000,0x0000000009110000)]
  0x0000000006c1f000 JavaThread "Finalizer" daemon [_thread_blocked, id=16624, stack(0x0000000008c60000,0x0000000008d60000)]
  0x0000000006c18800 JavaThread "Reference Handler" daemon [_thread_blocked, id=22404, stack(0x0000000008d80000,0x0000000008e80000)]
  0x000000000032f000 JavaThread "main" [_thread_in_Java, id=21988, stack(0x00000000026d0000,0x00000000027d0000)]

Other Threads:
  0x0000000007a62000 VMThread [stack: 0x0000000008af0000,0x0000000008bf0000] [id=19644]
  0x0000000007b3e000 WatcherThread [stack: 0x0000000009bb0000,0x0000000009cb0000] [id=19656]

VM state:not at safepoint (normal execution)

VM Mutex/Monitor currently owned by a thread: None

Heap:
 PSYoungGen      total 138240K, used 51145K [0x00000000eab00000, 0x00000000f3700000, 0x0000000100000000)
  eden space 133120K, 34% used [0x00000000eab00000,0x00000000ed7f2eb8,0x00000000f2d00000)
  from space 5120K, 99% used [0x00000000f3200000,0x00000000f36ff940,0x00000000f3700000)
  to   space 5120K, 0% used [0x00000000f2d00000,0x00000000f2d00000,0x00000000f3200000)
 ParOldGen       total 87552K, used 25157K [0x00000000c0000000, 0x00000000c5580000, 0x00000000eab00000)
  object space 87552K, 28% used [0x00000000c0000000,0x00000000c1891770,0x00000000c5580000)
 Metaspace       used 6389K, capacity 7156K, committed 7296K, reserved 1056768K
  class space    used 604K, capacity 620K, committed 640K, reserved 1048576K

Card table byte_map: [0x0000000002f80000,0x0000000003190000] byte_map_base: 0x0000000002980000

Marking Bits: (ParMarkBitMap*) 0x00000000025fa6d0
 Begin Bits: [0x0000000004030000, 0x0000000005030000)
 End Bits:   [0x0000000005030000, 0x0000000006030000)

Polling page: 0x0000000001c80000

CodeCache: size=245760Kb used=10454Kb max_used=10509Kb free=235305Kb
 bounds [0x000000000f010000, 0x000000000fa70000, 0x000000001e010000]
 total_blobs=2347 nmethods=2076 adapters=182
 compilation: enabled

Compilation events (10 events):
Event: 13.487 Thread 0x0000000007b18000 2155       4       com.android.dx.rop.cst.CstNat::<init> (43 bytes)
Event: 13.487 Thread 0x0000000007b21000 nmethod 2153 0x000000000fa23e50 code [0x000000000fa24140, 0x000000000fa25618]
Event: 13.488 Thread 0x0000000007b18000 nmethod 2155 0x000000000fa22410 code [0x000000000fa22540, 0x000000000fa225f8]
Event: 13.488 Thread 0x0000000007b18000 2156       4       com.android.dx.rop.cst.CstBaseMethodRef::isInstanceInit (8 bytes)
Event: 13.490 Thread 0x0000000007b18000 nmethod 2156 0x000000000f118ad0 code [0x000000000f118c20, 0x000000000f118d78]
Event: 13.490 Thread 0x0000000007b18000 2159       4       com.android.dx.ssa.LocalVariableExtractor::doit (59 bytes)
Event: 13.491 Thread 0x0000000007b21000 2164       3       com.android.dx.dex.file.AnnotationUtils::makeThrows (40 bytes)
Event: 13.492 Thread 0x0000000007b21000 nmethod 2164 0x000000000fa0f150 code [0x000000000fa0f320, 0x000000000fa0fa48]
Event: 13.497 Thread 0x0000000007b18000 nmethod 2159 0x000000000fa19890 code [0x000000000fa19a00, 0x000000000fa19d08]
Event: 13.497 Thread 0x0000000007b18000 2166   !   4       com.android.dx.cf.code.BytecodeArray::parseInstruction (2764 bytes)

GC Heap History (8 events):
Event: 1.952 GC heap before
{Heap before GC invocations=1 (full 0):
 PSYoungGen      total 38400K, used 33280K [0x00000000eab00000, 0x00000000ed580000, 0x0000000100000000)
  eden space 33280K, 100% used [0x00000000eab00000,0x00000000ecb80000,0x00000000ecb80000)
  from space 5120K, 0% used [0x00000000ed080000,0x00000000ed080000,0x00000000ed580000)
  to   space 5120K, 0% used [0x00000000ecb80000,0x00000000ecb80000,0x00000000ed080000)
 ParOldGen       total 87552K, used 0K [0x00000000c0000000, 0x00000000c5580000, 0x00000000eab00000)
  object space 87552K, 0% used [0x00000000c0000000,0x00000000c0000000,0x00000000c5580000)
 Metaspace       used 5942K, capacity 6836K, committed 7040K, reserved 1056768K
  class space    used 602K, capacity 620K, committed 640K, reserved 1048576K
Event: 2.488 GC heap after
Heap after GC invocations=1 (full 0):
 PSYoungGen      total 38400K, used 5118K [0x00000000eab00000, 0x00000000ef600000, 0x0000000100000000)
  eden space 33280K, 0% used [0x00000000eab00000,0x00000000eab00000,0x00000000ecb80000)
  from space 5120K, 99% used [0x00000000ecb80000,0x00000000ed07fa78,0x00000000ed080000)
  to   space 5120K, 0% used [0x00000000ef100000,0x00000000ef100000,0x00000000ef600000)
 ParOldGen       total 87552K, used 264K [0x00000000c0000000, 0x00000000c5580000, 0x00000000eab00000)
  object space 87552K, 0% used [0x00000000c0000000,0x00000000c0042010,0x00000000c5580000)
 Metaspace       used 5942K, capacity 6836K, committed 7040K, reserved 1056768K
  class space    used 602K, capacity 620K, committed 640K, reserved 1048576K
}
Event: 3.156 GC heap before
{Heap before GC invocations=2 (full 0):
 PSYoungGen      total 38400K, used 38398K [0x00000000eab00000, 0x00000000ef600000, 0x0000000100000000)
  eden space 33280K, 100% used [0x00000000eab00000,0x00000000ecb80000,0x00000000ecb80000)
  from space 5120K, 99% used [0x00000000ecb80000,0x00000000ed07fa78,0x00000000ed080000)
  to   space 5120K, 0% used [0x00000000ef100000,0x00000000ef100000,0x00000000ef600000)
 ParOldGen       total 87552K, used 264K [0x00000000c0000000, 0x00000000c5580000, 0x00000000eab00000)
  object space 87552K, 0% used [0x00000000c0000000,0x00000000c0042010,0x00000000c5580000)
 Metaspace       used 6170K, capacity 7028K, committed 7296K, reserved 1056768K
  class space    used 603K, capacity 620K, committed 640K, reserved 1048576K
Event: 3.179 GC heap after
Heap after GC invocations=2 (full 0):
 PSYoungGen      total 71680K, used 5095K [0x00000000eab00000, 0x00000000ef600000, 0x0000000100000000)
  eden space 66560K, 0% used [0x00000000eab00000,0x00000000eab00000,0x00000000eec00000)
  from space 5120K, 99% used [0x00000000ef100000,0x00000000ef5f9c80,0x00000000ef600000)
  to   space 5120K, 0% used [0x00000000eec00000,0x00000000eec00000,0x00000000ef100000)
 ParOldGen       total 87552K, used 4273K [0x00000000c0000000, 0x00000000c5580000, 0x00000000eab00000)
  object space 87552K, 4% used [0x00000000c0000000,0x00000000c042c428,0x00000000c5580000)
 Metaspace       used 6170K, capacity 7028K, committed 7296K, reserved 1056768K
  class space    used 603K, capacity 620K, committed 640K, reserved 1048576K
}
Event: 4.933 GC heap before
{Heap before GC invocations=3 (full 0):
 PSYoungGen      total 71680K, used 71655K [0x00000000eab00000, 0x00000000ef600000, 0x0000000100000000)
  eden space 66560K, 100% used [0x00000000eab00000,0x00000000eec00000,0x00000000eec00000)
  from space 5120K, 99% used [0x00000000ef100000,0x00000000ef5f9c80,0x00000000ef600000)
  to   space 5120K, 0% used [0x00000000eec00000,0x00000000eec00000,0x00000000ef100000)
 ParOldGen       total 87552K, used 4273K [0x00000000c0000000, 0x00000000c5580000, 0x00000000eab00000)
  object space 87552K, 4% used [0x00000000c0000000,0x00000000c042c428,0x00000000c5580000)
 Metaspace       used 6300K, capacity 7156K, committed 7296K, reserved 1056768K
  class space    used 604K, capacity 620K, committed 640K, reserved 1048576K
Event: 5.349 GC heap after
Heap after GC invocations=3 (full 0):
 PSYoungGen      total 71680K, used 5113K [0x00000000eab00000, 0x00000000f3700000, 0x0000000100000000)
  eden space 66560K, 0% used [0x00000000eab00000,0x00000000eab00000,0x00000000eec00000)
  from space 5120K, 99% used [0x00000000eec00000,0x00000000ef0fe618,0x00000000ef100000)
  to   space 5120K, 0% used [0x00000000f3200000,0x00000000f3200000,0x00000000f3700000)
 ParOldGen       total 87552K, used 14880K [0x00000000c0000000, 0x00000000c5580000, 0x00000000eab00000)
  object space 87552K, 16% used [0x00000000c0000000,0x00000000c0e88128,0x00000000c5580000)
 Metaspace       used 6300K, capacity 7156K, committed 7296K, reserved 1056768K
  class space    used 604K, capacity 620K, committed 640K, reserved 1048576K
}
Event: 7.000 GC heap before
{Heap before GC invocations=4 (full 0):
 PSYoungGen      total 71680K, used 71673K [0x00000000eab00000, 0x00000000f3700000, 0x0000000100000000)
  eden space 66560K, 100% used [0x00000000eab00000,0x00000000eec00000,0x00000000eec00000)
  from space 5120K, 99% used [0x00000000eec00000,0x00000000ef0fe618,0x00000000ef100000)
  to   space 5120K, 0% used [0x00000000f3200000,0x00000000f3200000,0x00000000f3700000)
 ParOldGen       total 87552K, used 14880K [0x00000000c0000000, 0x00000000c5580000, 0x00000000eab00000)
  object space 87552K, 16% used [0x00000000c0000000,0x00000000c0e88128,0x00000000c5580000)
 Metaspace       used 6364K, capacity 7156K, committed 7296K, reserved 1056768K
  class space    used 604K, capacity 620K, committed 640K, reserved 1048576K
Event: 7.172 GC heap after
Heap after GC invocations=4 (full 0):
 PSYoungGen      total 138240K, used 5118K [0x00000000eab00000, 0x00000000f3700000, 0x0000000100000000)
  eden space 133120K, 0% used [0x00000000eab00000,0x00000000eab00000,0x00000000f2d00000)
  from space 5120K, 99% used [0x00000000f3200000,0x00000000f36ff940,0x00000000f3700000)
  to   space 5120K, 0% used [0x00000000f2d00000,0x00000000f2d00000,0x00000000f3200000)
 ParOldGen       total 87552K, used 25157K [0x00000000c0000000, 0x00000000c5580000, 0x00000000eab00000)
  object space 87552K, 28% used [0x00000000c0000000,0x00000000c1891770,0x00000000c5580000)
 Metaspace       used 6364K, capacity 7156K, committed 7296K, reserved 1056768K
  class space    used 604K, capacity 620K, committed 640K, reserved 1048576K
}

Deoptimization events (10 events):
Event: 10.151 Thread 0x0000000009cb3800 Uncommon trap: reason=unstable_if action=reinterpret pc=0x000000000f6abd0c method=com.android.dx.cf.code.Ropper.isSynchronized()Z @ 12
Event: 10.151 Thread 0x0000000009cb3800 Uncommon trap: reason=unstable_if action=reinterpret pc=0x000000000f973830 method=com.android.dx.cf.code.Ropper.isSynchronized()Z @ 12
Event: 12.363 Thread 0x0000000009cb7800 Uncommon trap: reason=bimorphic action=maybe_recompile pc=0x000000000f5ba730 method=com.android.dx.ssa.LiteralOpUpgrader.tryReplacingWithConstant(Lcom/android/dx/ssa/NormalSsaInsn;)Z @ 62
Event: 12.782 Thread 0x0000000009cb7800 Uncommon trap: reason=unstable_if action=reinterpret pc=0x000000000f821370 method=com.android.dx.ssa.PhiTypeResolver.equalsHandlesNulls(Lcom/android/dx/rop/code/LocalItem;Lcom/android/dx/rop/code/LocalItem;)Z @ 2
Event: 12.784 Thread 0x0000000009cb7800 Uncommon trap: reason=bimorphic action=maybe_recompile pc=0x000000000f86fb80 method=com.android.dx.cf.code.BytecodeArray.parseInstruction(ILcom/android/dx/cf/code/BytecodeArray$Visitor;)I @ 1501
Event: 12.784 Thread 0x0000000009cb7800 Uncommon trap: reason=bimorphic action=maybe_recompile pc=0x000000000f86fb80 method=com.android.dx.cf.code.BytecodeArray.parseInstruction(ILcom/android/dx/cf/code/BytecodeArray$Visitor;)I @ 1501
Event: 13.491 Thread 0x0000000009cb4000 Uncommon trap: reason=class_check action=maybe_recompile pc=0x000000000fa3f35c method=com.android.dx.cf.code.BytecodeArray.parseInstruction(ILcom/android/dx/cf/code/BytecodeArray$Visitor;)I @ 2239
Event: 13.492 Thread 0x000000000032f000 Uncommon trap: reason=bimorphic action=maybe_recompile pc=0x000000000fa3f5d8 method=com.android.dx.cf.code.BytecodeArray.parseInstruction(ILcom/android/dx/cf/code/BytecodeArray$Visitor;)I @ 907
Event: 13.492 Thread 0x000000000032f000 Uncommon trap: reason=bimorphic action=maybe_recompile pc=0x000000000fa3f5d8 method=com.android.dx.cf.code.BytecodeArray.parseInstruction(ILcom/android/dx/cf/code/BytecodeArray$Visitor;)I @ 907
Event: 13.496 Thread 0x000000000032f000 Uncommon trap: reason=bimorphic action=maybe_recompile pc=0x000000000f5ba730 method=com.android.dx.ssa.LiteralOpUpgrader.tryReplacingWithConstant(Lcom/android/dx/ssa/NormalSsaInsn;)Z @ 62

Internal exceptions (3 events):
Event: 0.341 Thread 0x000000000032f000 Exception <a 'java/lang/NoSuchMethodError': Method sun.misc.Unsafe.defineClass(Ljava/lang/String;[BII)Ljava/lang/Class; name or signature does not match> (0x00000000eab07cc0) thrown at [C:\re\workspace\8-2-build-windows-amd64-cygwin\jdk8u101\7261\hotspot\sö¥Iœ’?
Event: 0.341 Thread 0x000000000032f000 Exception <a 'java/lang/NoSuchMethodError': Method sun.misc.Unsafe.prefetchRead(Ljava/lang/Object;J)V name or signature does not match> (0x00000000eab07fa8) thrown at [C:\re\workspace\8-2-build-windows-amd64-cygwin\jdk8u101\7261\hotspot\src\share\vm\prims\Ω¿…q	@
Event: 3.181 Thread 0x0000000009cb3800 Implicit null exception at 0x000000000f46cfd2 to 0x000000000f46d0c2

Events (10 events):
Event: 13.492 Thread 0x000000000032f000 DEOPT PACKING pc=0x000000000fa3f5d8 sp=0x00000000027cdee0
Event: 13.492 Thread 0x000000000032f000 DEOPT UNPACKING pc=0x000000000f05582a sp=0x00000000027cde78 mode 2
Event: 13.492 Thread 0x000000000032f000 Uncommon trap: trap_request=0xffffffc6 fr.pc=0x000000000fa3f5d8
Event: 13.492 Thread 0x000000000032f000 DEOPT PACKING pc=0x000000000fa3f5d8 sp=0x00000000027cdee0
Event: 13.492 Thread 0x000000000032f000 DEOPT UNPACKING pc=0x000000000f05582a sp=0x00000000027cde78 mode 2
Event: 13.495 Thread 0x0000000009cb3800 DEOPT PACKING pc=0x000000000f4cbce5 sp=0x000000000a81ed20
Event: 13.495 Thread 0x0000000009cb3800 DEOPT UNPACKING pc=0x000000000f05787f sp=0x000000000a81eab0 mode 0
Event: 13.496 Thread 0x000000000032f000 Uncommon trap: trap_request=0xffffffc6 fr.pc=0x000000000f5ba730
Event: 13.496 Thread 0x000000000032f000 DEOPT PACKING pc=0x000000000f5ba730 sp=0x00000000027ce000
Event: 13.496 Thread 0x000000000032f000 DEOPT UNPACKING pc=0x000000000f05582a sp=0x00000000027cdfa0 mode 2


Dynamic libraries:
0x000000013f180000 - 0x000000013f1b7000 	C:\Program Files\Java\jdk1.8.0_101\bin\java.exe
0x0000000077b00000 - 0x0000000077caa000 	C:\Windows\SYSTEM32\ntdll.dll
0x000007fef14e0000 - 0x000007fef1513000 	C:\Program Files (x86)\AVG\Av\avghooka.dll
0x00000000779e0000 - 0x0000000077aff000 	C:\Windows\system32\kernel32.dll
0x000007fefc7f0000 - 0x000007fefc85a000 	C:\Windows\system32\KERNELBASE.dll
0x000007fefca00000 - 0x000007fefcadb000 	C:\Windows\system32\ADVAPI32.dll
0x000007fefd540000 - 0x000007fefd5df000 	C:\Windows\system32\msvcrt.dll
0x000007fefc8b0000 - 0x000007fefc8cf000 	C:\Windows\SYSTEM32\sechost.dll
0x000007fefd5e0000 - 0x000007fefd70d000 	C:\Windows\system32\RPCRT4.dll
0x00000000778e0000 - 0x00000000779da000 	C:\Windows\system32\USER32.dll
0x000007fefc910000 - 0x000007fefc977000 	C:\Windows\system32\GDI32.dll
0x000007fefcdd0000 - 0x000007fefcdde000 	C:\Windows\system32\LPK.dll
0x000007fefdb60000 - 0x000007fefdc2a000 	C:\Windows\system32\USP10.dll
0x000007fefae80000 - 0x000007fefb074000 	C:\Windows\WinSxS\amd64_microsoft.windows.common-controls_6595b64144ccf1df_6.0.7601.18837_none_fa3b1e3d17594757\COMCTL32.dll
0x000007fefcb40000 - 0x000007fefcbb1000 	C:\Windows\system32\SHLWAPI.dll
0x000007fefc8e0000 - 0x000007fefc90e000 	C:\Windows\system32\IMM32.DLL
0x000007fefd430000 - 0x000007fefd539000 	C:\Windows\system32\MSCTF.dll
0x000007fefc430000 - 0x000007fefc45f000 	C:\Windows\system32\nvinitx.dll
0x000000000f000000 - 0x000000000f006000 	C:\Program Files\NVIDIA Corporation\CoProcManager\_etoured.dll
0x000007fef95e0000 - 0x000007fef963f000 	C:\Program Files\NVIDIA Corporation\CoProcManager\nvd3d9wrapx.dll
0x000007fefd250000 - 0x000007fefd427000 	C:\Windows\system32\SETUPAPI.dll
0x000007fefc770000 - 0x000007fefc7a6000 	C:\Windows\system32\CFGMGR32.dll
0x000007fefd9e0000 - 0x000007fefdaba000 	C:\Windows\system32\OLEAUT32.dll
0x000007fefcbc0000 - 0x000007fefcdc3000 	C:\Windows\system32\ole32.dll
0x000007fefc6b0000 - 0x000007fefc6ca000 	C:\Windows\system32\DEVOBJ.dll
0x000007fef9590000 - 0x000007fef95d6000 	C:\Program Files\NVIDIA Corporation\CoProcManager\nvdxgiwrapx.dll
0x00000000651a0000 - 0x0000000065272000 	C:\Program Files\Java\jdk1.8.0_101\jre\bin\msvcr100.dll
0x0000000001de0000 - 0x000000000267a000 	C:\Program Files\Java\jdk1.8.0_101\jre\bin\server\jvm.dll
0x000007fef71e0000 - 0x000007fef71e9000 	C:\Windows\system32\WSOCK32.dll
0x000007fefea80000 - 0x000007fefeacd000 	C:\Windows\system32\WS2_32.dll
0x000007fefc8d0000 - 0x000007fefc8d8000 	C:\Windows\system32\NSI.dll
0x000007fefa1c0000 - 0x000007fefa1fb000 	C:\Windows\system32\WINMM.dll
0x000007fefb510000 - 0x000007fefb51c000 	C:\Windows\system32\VERSION.dll
0x0000000077cd0000 - 0x0000000077cd7000 	C:\Windows\system32\PSAPI.DLL
0x00000000750a0000 - 0x00000000750af000 	C:\Program Files\Java\jdk1.8.0_101\jre\bin\verify.dll
0x0000000065b10000 - 0x0000000065b39000 	C:\Program Files\Java\jdk1.8.0_101\jre\bin\java.dll
0x0000000072940000 - 0x0000000072956000 	C:\Program Files\Java\jdk1.8.0_101\jre\bin\zip.dll
0x000007fefdcf0000 - 0x000007fefea7a000 	C:\Windows\system32\SHELL32.dll
0x000007fefc4f0000 - 0x000007fefc4ff000 	C:\Windows\system32\profapi.dll

VM Arguments:
jvm_args: -Djava.awt.headless=true -Xmx1024M -Dfile.encoding=windows-1252 -Duser.country=US -Duser.language=en -Duser.variant 
java_command: com.android.dx.command.Main --dex --force-jumbo --num-threads=4 --multi-dex --output C:\Users\Vivi\Documents\android\KIAgreementsMap\cnet\app\build\intermediates\transforms\dex\debug\folders\1000\10\com.google.android.gms-play-services-basement-8.4.0_58cbaaf47c6ab9a634f87aaebfe64ebe33fe87a0 C:\Users\Vivi\Documents\android\KIAgreementsMap\cnet\app\build\intermediates\exploded-aar\com.google.android.gms\play-services-basement\8.4.0\jars\classes.jar
java_class_path (initial): C:\Users\Vivi\AppData\Local\Android\sdk\build-tools\23.0.2\lib\dx.jar
Launcher Type: SUN_STANDARD

Environment Variables:
PATH=C:\ProgramData\Oracle\Java\javapath;C:\Program Files (x86)\NVIDIA Corporation\PhysX\Common;C:\Program Files (x86)\Intel\iCLS Client\;C:\Program Files\Intel\iCLS Client\;C:\Windows\system32;C:\Windows;C:\Windows\System32\Wbem;C:\Windows\System32\WindowsPowerShell\v1.0\;C:\Program Files\Intel\Intel(R) Management Engine Components\DAL;C:\Program Files\Intel\Intel(R) Management Engine Components\IPT;C:\Program Files (x86)\Intel\Intel(R) Management Engine Components\DAL;C:\Program Files (x86)\Intel\Intel(R) Management Engine Components\IPT;C:\Program Files (x86)\Intel\OpenCL SDK\2.0\bin\x86;C:\Program Files (x86)\Intel\OpenCL SDK\2.0\bin\x64;c:\Program Files (x86)\Microsoft SQL Server\100\Tools\Binn\;c:\Program Files\Microsoft SQL Server\100\Tools\Binn\;c:\Program Files\Microsoft SQL Server\100\DTS\Binn\;C:\Program Files (x86)\Microsoft ASP.NET\ASP.NET Web Pages\v1.0\;C:\Program Files\Microsoft SQL Server\110\Tools\Binn\;c:\Program Files (x86)\Microsoft SQL Server\100\Tools\Binn\VSShell\Common7\IDE\;c:\Program Files (x86)\Microsoft SQL Server\100\DTS\Binn\;C:\Program Files\Microsoft\Web Platform Installer\;C:\Program Files (x86)\Skype\Phone\;C:\Windows\system32\config\systemprofile\.dnx\bin;C:\Program Files\Microsoft DNX\Dnvm\;C:\Program Files\Microsoft SQL Server\130\Tools\Binn\;C:\Program Files (x86)\Windows Kits\8.1\Windows Performance Toolkit\;C:\Program Files\Microsoft SQL Server\120\Tools\Binn\;C:\Program Files\Git\cmd;C:\Program Files\nodejs\;C:\Program Files (x86)\Heroku\bin;C:\Program Files (x86)\git\cmd;C:\Program Files (x86)\Git\cmd;C:\Users\Vivi\AppData\Local\Programs\Python\Python35-32\Scripts\;C:\Users\Vivi\AppData\Local\Programs\Python\Python35-32\;C:\Users\Vivi\AppData\Roaming\npm
USERNAME=Vivi
OS=Windows_NT
PROCESSOR_IDENTIFIER=Intel64 Family 6 Model 58 Stepping 9, GenuineIntel



---------------  S Y S T E M  ---------------

OS: Windows 7 , 64 bit Build 7601 (6.1.7601.23569)

CPU:total 8 (4 cores per cpu, 2 threads per core) family 6 model 58 stepping 9, cmov, cx8, fxsr, mmx, sse, sse2, sse3, ssse3, sse4.1, sse4.2, popcnt, avx, aes, clmul, erms, ht, tsc, tscinvbit, tscinv

Memory: 4k page, physical 8268092k(437340k free), swap 20941992k(4092k free)

vm_info: Java HotSpot(TM) 64-Bit Server VM (25.101-b13) for windows-amd64 JRE (1.8.0_101-b13), built on Jun 22 2016 01:21:29 by "java_re" with MS VC++ 10.0 (VS2010)

time: Fri Nov 18 16:25:25 2016
elapsed time: 13 seconds (0d 0h 0m 13s)

