#
# There is insufficient memory for the Java Runtime Environment to continue.
# Native memory allocation (malloc) failed to allocate 358416 bytes for Chunk::new
# Possible reasons:
#   The system is out of physical RAM or swap space
#   In 32 bit mode, the process size limit was hit
# Possible solutions:
#   Reduce memory load on the system
#   Increase physical memory or swap space
#   Check if swap backing store is full
#   Use 64 bit Java on a 64 bit OS
#   Decrease Java heap size (-Xmx/-Xms)
#   Decrease number of Java threads
#   Decrease Java thread stack sizes (-Xss)
#   Set larger code cache with -XX:ReservedCodeCacheSize=
# This output file may be truncated or incomplete.
#
#  Out of Memory Error (allocation.cpp:390), pid=18460, tid=0x0000000000002738
#
# JRE version: Java(TM) SE Runtime Environment (8.0_101-b13) (build 1.8.0_101-b13)
# Java VM: Java HotSpot(TM) 64-Bit Server VM (25.101-b13 mixed mode windows-amd64 compressed oops)
# Failed to write core dump. Minidumps are not enabled by default on client versions of Windows
#

---------------  T H R E A D  ---------------

Current thread (0x0000000007b30000):  JavaThread "C2 CompilerThread0" daemon [_thread_in_native, id=10040, stack(0x00000000090a0000,0x00000000091a0000)]

Stack: [0x00000000090a0000,0x00000000091a0000]
[error occurred during error reporting (printing stack bounds), id 0xc0000005]

Native frames: (J=compiled Java code, j=interpreted, Vv=VM code, C=native code)


Current CompileTask:
C2:   3425 1647       4       com.android.dx.ssa.LiteralOpUpgrader$1::visitNonMoveInsn (203 bytes)


---------------  P R O C E S S  ---------------

Java Threads: ( => current thread )
  0x0000000007e3a000 JavaThread "pool-2-thread-4" [_thread_blocked, id=16452, stack(0x000000000aa10000,0x000000000ab10000)]
  0x0000000007e70000 JavaThread "pool-2-thread-3" [_thread_blocked, id=2556, stack(0x000000000a7c0000,0x000000000a8c0000)]
  0x0000000007e6f000 JavaThread "pool-2-thread-2" [_thread_blocked, id=11556, stack(0x000000000a5d0000,0x000000000a6d0000)]
  0x0000000007db0800 JavaThread "pool-3-thread-1" [_thread_blocked, id=9024, stack(0x000000000a3c0000,0x000000000a4c0000)]
  0x0000000007daf000 JavaThread "pool-2-thread-1" [_thread_blocked, id=16924, stack(0x000000000a280000,0x000000000a380000)]
  0x0000000007b50000 JavaThread "Service Thread" daemon [_thread_blocked, id=2456, stack(0x00000000098d0000,0x00000000099d0000)]
  0x0000000007b3d800 JavaThread "C1 CompilerThread3" daemon [_thread_blocked, id=14584, stack(0x00000000096c0000,0x00000000097c0000)]
  0x0000000007b37000 JavaThread "C2 CompilerThread2" daemon [_thread_in_native, id=15232, stack(0x00000000094d0000,0x00000000095d0000)]
  0x0000000007b34000 JavaThread "C2 CompilerThread1" daemon [_thread_in_native, id=19020, stack(0x0000000009260000,0x0000000009360000)]
=>0x0000000007b30000 JavaThread "C2 CompilerThread0" daemon [_thread_in_native, id=10040, stack(0x00000000090a0000,0x00000000091a0000)]
  0x0000000007b2c800 JavaThread "Attach Listener" daemon [_thread_blocked, id=18388, stack(0x0000000008b50000,0x0000000008c50000)]
  0x0000000007b2b000 JavaThread "Signal Dispatcher" daemon [_thread_blocked, id=11664, stack(0x0000000008de0000,0x0000000008ee0000)]
  0x0000000006c9f000 JavaThread "Finalizer" daemon [_thread_blocked, id=18884, stack(0x0000000008f10000,0x0000000009010000)]
  0x0000000006c98800 JavaThread "Reference Handler" daemon [_thread_blocked, id=19008, stack(0x0000000008ca0000,0x0000000008da0000)]
  0x00000000004bf000 JavaThread "main" [_thread_blocked, id=18024, stack(0x0000000002820000,0x0000000002920000)]

Other Threads:
  0x0000000007ae2000 VMThread [stack: 0x0000000008a40000,0x0000000008b40000] [id=15156]
  0x0000000007bd7000 WatcherThread [stack: 0x00000000093d0000,0x00000000094d0000] [id=22116]

VM state:not at safepoint (normal execution)

VM Mutex/Monitor currently owned by a thread: None

Heap:
 PSYoungGen      total 71680K, used 23639K [0x00000000eab00000, 0x00000000f3700000, 0x0000000100000000)
  eden space 66560K, 27% used [0x00000000eab00000,0x00000000ebd1b490,0x00000000eec00000)
  from space 5120K, 99% used [0x00000000eec00000,0x00000000ef0fa7e8,0x00000000ef100000)
  to   space 5120K, 0% used [0x00000000f3200000,0x00000000f3200000,0x00000000f3700000)
 ParOldGen       total 87552K, used 15547K [0x00000000c0000000, 0x00000000c5580000, 0x00000000eab00000)
  object space 87552K, 17% used [0x00000000c0000000,0x00000000c0f2ed80,0x00000000c5580000)
 Metaspace       used 6277K, capacity 7128K, committed 7424K, reserved 1056768K
  class space    used 624K, capacity 656K, committed 768K, reserved 1048576K

Card table byte_map: [0x0000000002fb0000,0x00000000031c0000] byte_map_base: 0x00000000029b0000

Marking Bits: (ParMarkBitMap*) 0x000000000268a6d0
 Begin Bits: [0x00000000040b0000, 0x00000000050b0000)
 End Bits:   [0x00000000050b0000, 0x00000000060b0000)

Polling page: 0x0000000000440000

CodeCache: size=245760Kb used=6604Kb max_used=6631Kb free=239155Kb
 bounds [0x000000000f010000, 0x000000000f6a0000, 0x000000001e010000]
 total_blobs=1866 nmethods=1597 adapters=182
 compilation: enabled

Compilation events (10 events):
Event: 3.198 Thread 0x0000000007b3d800 1644       2       com.android.dx.dex.code.RopTranslator$LocalVariableAwareTranslationVisitor::visitThrowingInsn (11 bytes)
Event: 3.198 Thread 0x0000000007b3d800 nmethod 1644 0x000000000f66ebd0 code [0x000000000f66ed80, 0x000000000f66f178]
Event: 3.202 Thread 0x0000000007b3d800 1645       1       com.android.dx.util.ByteArray::getByte0 (12 bytes)
Event: 3.202 Thread 0x0000000007b3d800 nmethod 1645 0x000000000f663290 code [0x000000000f6633e0, 0x000000000f663510]
Event: 3.203 Thread 0x0000000007b3d800 1646       2       com.android.dx.util.ByteArray::getShort (25 bytes)
Event: 3.203 Thread 0x0000000007b3d800 nmethod 1646 0x000000000f662dd0 code [0x000000000f662f40, 0x000000000f663128]
Event: 3.224 Thread 0x0000000007b3d800 1648       2       com.android.dx.command.dexer.Main::access$1600 (4 bytes)
Event: 3.224 Thread 0x0000000007b3d800 nmethod 1648 0x000000000f634510 code [0x000000000f634660, 0x000000000f634790]
Event: 3.316 Thread 0x0000000007b30000 nmethod 1619 0x000000000f687e50 code [0x000000000f688320, 0x000000000f68c220]
Event: 3.317 Thread 0x0000000007b30000 1647       4       com.android.dx.ssa.LiteralOpUpgrader$1::visitNonMoveInsn (203 bytes)

GC Heap History (6 events):
Event: 1.424 GC heap before
{Heap before GC invocations=1 (full 0):
 PSYoungGen      total 38400K, used 33280K [0x00000000eab00000, 0x00000000ed580000, 0x0000000100000000)
  eden space 33280K, 100% used [0x00000000eab00000,0x00000000ecb80000,0x00000000ecb80000)
  from space 5120K, 0% used [0x00000000ed080000,0x00000000ed080000,0x00000000ed580000)
  to   space 5120K, 0% used [0x00000000ecb80000,0x00000000ecb80000,0x00000000ed080000)
 ParOldGen       total 87552K, used 0K [0x00000000c0000000, 0x00000000c5580000, 0x00000000eab00000)
  object space 87552K, 0% used [0x00000000c0000000,0x00000000c0000000,0x00000000c5580000)
 Metaspace       used 5884K, capacity 6834K, committed 7040K, reserved 1056768K
  class space    used 600K, capacity 618K, committed 640K, reserved 1048576K
Event: 1.556 GC heap after
Heap after GC invocations=1 (full 0):
 PSYoungGen      total 38400K, used 5106K [0x00000000eab00000, 0x00000000ef600000, 0x0000000100000000)
  eden space 33280K, 0% used [0x00000000eab00000,0x00000000eab00000,0x00000000ecb80000)
  from space 5120K, 99% used [0x00000000ecb80000,0x00000000ed07ca88,0x00000000ed080000)
  to   space 5120K, 0% used [0x00000000ef100000,0x00000000ef100000,0x00000000ef600000)
 ParOldGen       total 87552K, used 1591K [0x00000000c0000000, 0x00000000c5580000, 0x00000000eab00000)
  object space 87552K, 1% used [0x00000000c0000000,0x00000000c018dff0,0x00000000c5580000)
 Metaspace       used 5884K, capacity 6834K, committed 7040K, reserved 1056768K
  class space    used 600K, capacity 618K, committed 640K, reserved 1048576K
}
Event: 1.853 GC heap before
{Heap before GC invocations=2 (full 0):
 PSYoungGen      total 38400K, used 38386K [0x00000000eab00000, 0x00000000ef600000, 0x0000000100000000)
  eden space 33280K, 100% used [0x00000000eab00000,0x00000000ecb80000,0x00000000ecb80000)
  from space 5120K, 99% used [0x00000000ecb80000,0x00000000ed07ca88,0x00000000ed080000)
  to   space 5120K, 0% used [0x00000000ef100000,0x00000000ef100000,0x00000000ef600000)
 ParOldGen       total 87552K, used 1591K [0x00000000c0000000, 0x00000000c5580000, 0x00000000eab00000)
  object space 87552K, 1% used [0x00000000c0000000,0x00000000c018dff0,0x00000000c5580000)
 Metaspace       used 6055K, capacity 6962K, committed 7040K, reserved 1056768K
  class space    used 600K, capacity 618K, committed 640K, reserved 1048576K
Event: 2.414 GC heap after
Heap after GC invocations=2 (full 0):
 PSYoungGen      total 71680K, used 5096K [0x00000000eab00000, 0x00000000ef600000, 0x0000000100000000)
  eden space 66560K, 0% used [0x00000000eab00000,0x00000000eab00000,0x00000000eec00000)
  from space 5120K, 99% used [0x00000000ef100000,0x00000000ef5fa3a0,0x00000000ef600000)
  to   space 5120K, 0% used [0x00000000eec00000,0x00000000eec00000,0x00000000ef100000)
 ParOldGen       total 87552K, used 5766K [0x00000000c0000000, 0x00000000c5580000, 0x00000000eab00000)
  object space 87552K, 6% used [0x00000000c0000000,0x00000000c05a1b60,0x00000000c5580000)
 Metaspace       used 6055K, capacity 6962K, committed 7040K, reserved 1056768K
  class space    used 600K, capacity 618K, committed 640K, reserved 1048576K
}
Event: 3.006 GC heap before
{Heap before GC invocations=3 (full 0):
 PSYoungGen      total 71680K, used 71656K [0x00000000eab00000, 0x00000000ef600000, 0x0000000100000000)
  eden space 66560K, 100% used [0x00000000eab00000,0x00000000eec00000,0x00000000eec00000)
  from space 5120K, 99% used [0x00000000ef100000,0x00000000ef5fa3a0,0x00000000ef600000)
  to   space 5120K, 0% used [0x00000000eec00000,0x00000000eec00000,0x00000000ef100000)
 ParOldGen       total 87552K, used 5766K [0x00000000c0000000, 0x00000000c5580000, 0x00000000eab00000)
  object space 87552K, 6% used [0x00000000c0000000,0x00000000c05a1b60,0x00000000c5580000)
 Metaspace       used 6274K, capacity 7128K, committed 7424K, reserved 1056768K
  class space    used 624K, capacity 656K, committed 768K, reserved 1048576K
Event: 3.079 GC heap after
Heap after GC invocations=3 (full 0):
 PSYoungGen      total 71680K, used 5097K [0x00000000eab00000, 0x00000000f3700000, 0x0000000100000000)
  eden space 66560K, 0% used [0x00000000eab00000,0x00000000eab00000,0x00000000eec00000)
  from space 5120K, 99% used [0x00000000eec00000,0x00000000ef0fa7e8,0x00000000ef100000)
  to   space 5120K, 0% used [0x00000000f3200000,0x00000000f3200000,0x00000000f3700000)
 ParOldGen       total 87552K, used 15547K [0x00000000c0000000, 0x00000000c5580000, 0x00000000eab00000)
  object space 87552K, 17% used [0x00000000c0000000,0x00000000c0f2ed80,0x00000000c5580000)
 Metaspace       used 6274K, capacity 7128K, committed 7424K, reserved 1056768K
  class space    used 624K, capacity 656K, committed 768K, reserved 1048576K
}

Deoptimization events (10 events):
Event: 2.570 Thread 0x0000000007e3a000 Uncommon trap: reason=unstable_if action=reinterpret pc=0x000000000f2a4160 method=java.util.HashMap.putVal(ILjava/lang/Object;Ljava/lang/Object;ZZ)Ljava/lang/Object; @ 162
Event: 2.574 Thread 0x0000000007e3a000 Uncommon trap: reason=bimorphic action=maybe_recompile pc=0x000000000f5ade18 method=com.android.dx.ssa.LiteralOpUpgrader.tryReplacingWithConstant(Lcom/android/dx/ssa/NormalSsaInsn;)Z @ 52
Event: 2.580 Thread 0x0000000007e3a000 Uncommon trap: reason=bimorphic action=maybe_recompile pc=0x000000000f5ade18 method=com.android.dx.ssa.LiteralOpUpgrader.tryReplacingWithConstant(Lcom/android/dx/ssa/NormalSsaInsn;)Z @ 52
Event: 2.593 Thread 0x00000000004bf000 Uncommon trap: reason=unstable_if action=reinterpret pc=0x000000000f40bbc4 method=java.util.HashMap.putVal(ILjava/lang/Object;Ljava/lang/Object;ZZ)Ljava/lang/Object; @ 162
Event: 3.146 Thread 0x0000000007e3a000 Uncommon trap: reason=bimorphic action=maybe_recompile pc=0x000000000f64f3d8 method=com.android.dx.cf.code.BytecodeArray.parseInstruction(ILcom/android/dx/cf/code/BytecodeArray$Visitor;)I @ 923
Event: 3.146 Thread 0x0000000007e3a000 Uncommon trap: reason=bimorphic action=maybe_recompile pc=0x000000000f64f3d8 method=com.android.dx.cf.code.BytecodeArray.parseInstruction(ILcom/android/dx/cf/code/BytecodeArray$Visitor;)I @ 923
Event: 3.146 Thread 0x0000000007e3a000 Uncommon trap: reason=bimorphic action=maybe_recompile pc=0x000000000f64f3d8 method=com.android.dx.cf.code.BytecodeArray.parseInstruction(ILcom/android/dx/cf/code/BytecodeArray$Visitor;)I @ 923
Event: 3.146 Thread 0x0000000007e3a000 Uncommon trap: reason=bimorphic action=maybe_recompile pc=0x000000000f64f3d8 method=com.android.dx.cf.code.BytecodeArray.parseInstruction(ILcom/android/dx/cf/code/BytecodeArray$Visitor;)I @ 923
Event: 3.147 Thread 0x0000000007e3a000 Uncommon trap: reason=bimorphic action=maybe_recompile pc=0x000000000f5ade18 method=com.android.dx.ssa.LiteralOpUpgrader.tryReplacingWithConstant(Lcom/android/dx/ssa/NormalSsaInsn;)Z @ 52
Event: 3.147 Thread 0x0000000007e3a000 Uncommon trap: reason=bimorphic action=maybe_recompile pc=0x000000000f5ade18 method=com.android.dx.ssa.LiteralOpUpgrader.tryReplacingWithConstant(Lcom/android/dx/ssa/NormalSsaInsn;)Z @ 52

Internal exceptions (6 events):
Event: 0.142 Thread 0x00000000004bf000 Exception <a 'java/lang/NoSuchMethodError': Method sun.misc.Unsafe.defineClass(Ljava/lang/String;[BII)Ljava/lang/Class; name or signature does not match> (0x00000000eab07cc0) thrown at [C:\re\workspace\8-2-build-windows-amd64-cygwin\jdk8u101\7261\hotspot\sF ¥!ù<¬?
Event: 0.142 Thread 0x00000000004bf000 Exception <a 'java/lang/NoSuchMethodError': Method sun.misc.Unsafe.prefetchRead(Ljava/lang/Object;J)V name or signature does not match> (0x00000000eab07fa8) thrown at [C:\re\workspace\8-2-build-windows-amd64-cygwin\jdk8u101\7261\hotspot\src\share\vm\prims\ˇq«Nb<˝?
Event: 1.827 Thread 0x00000000004bf000 Implicit null exception at 0x000000000f244378 to 0x000000000f2463bd
Event: 2.554 Thread 0x0000000007daf000 Exception <a 'java/lang/ArrayIndexOutOfBoundsException': 18> (0x00000000eb462d88) thrown at [C:\re\workspace\8-2-build-windows-amd64-cygwin\jdk8u101\7261\hotspot\src\share\vm\interpreter\interpreterRuntime.cpp, line 366]
Event: 2.554 Thread 0x0000000007daf000 Exception <a 'java/lang/ArrayIndexOutOfBoundsException': 145> (0x00000000eb464908) thrown at [C:\re\workspace\8-2-build-windows-amd64-cygwin\jdk8u101\7261\hotspot\src\share\vm\interpreter\interpreterRuntime.cpp, line 366]
Event: 2.555 Thread 0x0000000007daf000 Exception <a 'java/lang/ArrayIndexOutOfBoundsException': 40> (0x00000000eb465bf0) thrown at [C:\re\workspace\8-2-build-windows-amd64-cygwin\jdk8u101\7261\hotspot\src\share\vm\interpreter\interpreterRuntime.cpp, line 366]

Events (10 events):
Event: 3.146 Thread 0x0000000007e3a000 DEOPT PACKING pc=0x000000000f64f3d8 sp=0x000000000ab0ea60
Event: 3.146 Thread 0x0000000007e3a000 DEOPT UNPACKING pc=0x000000000f05582a sp=0x000000000ab0ea38 mode 2
Event: 3.147 Thread 0x0000000007e3a000 Uncommon trap: trap_request=0xffffffc6 fr.pc=0x000000000f5ade18
Event: 3.147 Thread 0x0000000007e3a000 DEOPT PACKING pc=0x000000000f5ade18 sp=0x000000000ab0ed30
Event: 3.147 Thread 0x0000000007e3a000 DEOPT UNPACKING pc=0x000000000f05582a sp=0x000000000ab0ec28 mode 2
Event: 3.147 Thread 0x0000000007e3a000 Uncommon trap: trap_request=0xffffffc6 fr.pc=0x000000000f5ade18
Event: 3.147 Thread 0x0000000007e3a000 DEOPT PACKING pc=0x000000000f5ade18 sp=0x000000000ab0ed30
Event: 3.148 Thread 0x0000000007e3a000 DEOPT UNPACKING pc=0x000000000f05582a sp=0x000000000ab0ec28 mode 2
Event: 3.206 Thread 0x0000000007e70000 DEOPT PACKING pc=0x000000000f2b102d sp=0x000000000a8be4c0
Event: 3.206 Thread 0x0000000007e70000 DEOPT UNPACKING pc=0x000000000f05787f sp=0x000000000a8be228 mode 0


Dynamic libraries:
0x000000013f180000 - 0x000000013f1b7000 	C:\Program Files\Java\jdk1.8.0_101\bin\java.exe
0x0000000077b00000 - 0x0000000077caa000 	C:\Windows\SYSTEM32\ntdll.dll
0x000007fef14e0000 - 0x000007fef1513000 	C:\Program Files (x86)\AVG\Av\avghooka.dll
0x00000000779e0000 - 0x0000000077aff000 	C:\Windows\system32\kernel32.dll
0x000007fefc7f0000 - 0x000007fefc85a000 	C:\Windows\system32\KERNELBASE.dll
0x000007fefca00000 - 0x000007fefcadb000 	C:\Windows\system32\ADVAPI32.dll
0x000007fefd540000 - 0x000007fefd5df000 	C:\Windows\system32\msvcrt.dll
0x000007fefc8b0000 - 0x000007fefc8cf000 	C:\Windows\SYSTEM32\sechost.dll
0x000007fefd5e0000 - 0x000007fefd70d000 	C:\Windows\system32\RPCRT4.dll
0x00000000778e0000 - 0x00000000779da000 	C:\Windows\system32\USER32.dll
0x000007fefc910000 - 0x000007fefc977000 	C:\Windows\system32\GDI32.dll
0x000007fefcdd0000 - 0x000007fefcdde000 	C:\Windows\system32\LPK.dll
0x000007fefdb60000 - 0x000007fefdc2a000 	C:\Windows\system32\USP10.dll
0x000007fefae80000 - 0x000007fefb074000 	C:\Windows\WinSxS\amd64_microsoft.windows.common-controls_6595b64144ccf1df_6.0.7601.18837_none_fa3b1e3d17594757\COMCTL32.dll
0x000007fefcb40000 - 0x000007fefcbb1000 	C:\Windows\system32\SHLWAPI.dll
0x000007fefc8e0000 - 0x000007fefc90e000 	C:\Windows\system32\IMM32.DLL
0x000007fefd430000 - 0x000007fefd539000 	C:\Windows\system32\MSCTF.dll
0x000007fefc430000 - 0x000007fefc45f000 	C:\Windows\system32\nvinitx.dll
0x000000000f000000 - 0x000000000f006000 	C:\Program Files\NVIDIA Corporation\CoProcManager\_etoured.dll
0x000007fef95e0000 - 0x000007fef963f000 	C:\Program Files\NVIDIA Corporation\CoProcManager\nvd3d9wrapx.dll
0x000007fefd250000 - 0x000007fefd427000 	C:\Windows\system32\SETUPAPI.dll
0x000007fefc770000 - 0x000007fefc7a6000 	C:\Windows\system32\CFGMGR32.dll
0x000007fefd9e0000 - 0x000007fefdaba000 	C:\Windows\system32\OLEAUT32.dll
0x000007fefcbc0000 - 0x000007fefcdc3000 	C:\Windows\system32\ole32.dll
0x000007fefc6b0000 - 0x000007fefc6ca000 	C:\Windows\system32\DEVOBJ.dll
0x000007fef9590000 - 0x000007fef95d6000 	C:\Program Files\NVIDIA Corporation\CoProcManager\nvdxgiwrapx.dll
0x00000000651a0000 - 0x0000000065272000 	C:\Program Files\Java\jdk1.8.0_101\jre\bin\msvcr100.dll
0x0000000001e70000 - 0x000000000270a000 	C:\Program Files\Java\jdk1.8.0_101\jre\bin\server\jvm.dll
0x000007fef71e0000 - 0x000007fef71e9000 	C:\Windows\system32\WSOCK32.dll
0x000007fefea80000 - 0x000007fefeacd000 	C:\Windows\system32\WS2_32.dll
0x000007fefc8d0000 - 0x000007fefc8d8000 	C:\Windows\system32\NSI.dll
0x000007fefa1c0000 - 0x000007fefa1fb000 	C:\Windows\system32\WINMM.dll
0x000007fefb510000 - 0x000007fefb51c000 	C:\Windows\system32\VERSION.dll
0x0000000077cd0000 - 0x0000000077cd7000 	C:\Windows\system32\PSAPI.DLL
0x00000000750a0000 - 0x00000000750af000 	C:\Program Files\Java\jdk1.8.0_101\jre\bin\verify.dll
0x0000000065b10000 - 0x0000000065b39000 	C:\Program Files\Java\jdk1.8.0_101\jre\bin\java.dll
0x0000000072940000 - 0x0000000072956000 	C:\Program Files\Java\jdk1.8.0_101\jre\bin\zip.dll
0x000007fefdcf0000 - 0x000007fefea7a000 	C:\Windows\system32\SHELL32.dll
0x000007fefc4f0000 - 0x000007fefc4ff000 	C:\Windows\system32\profapi.dll

VM Arguments:
jvm_args: -Djava.awt.headless=true -Xmx1024M -Dfile.encoding=windows-1252 -Duser.country=US -Duser.language=en -Duser.variant 
java_command: com.android.dx.command.Main --dex --force-jumbo --num-threads=4 --multi-dex --output C:\Users\Vivi\Documents\android\KIAgreementsMap\cnet\app\build\intermediates\transforms\dex\debug\folders\1000\10\com.android.support-recyclerview-v7-24.0.0_9b80e45265158c326244350b791ec3f9de497447 C:\Users\Vivi\Documents\android\KIAgreementsMap\cnet\app\build\intermediates\exploded-aar\com.android.support\recyclerview-v7\24.0.0\jars\classes.jar
java_class_path (initial): C:\Users\Vivi\AppData\Local\Android\sdk\build-tools\23.0.2\lib\dx.jar
Launcher Type: SUN_STANDARD

Environment Variables:
PATH=C:\ProgramData\Oracle\Java\javapath;C:\Program Files (x86)\NVIDIA Corporation\PhysX\Common;C:\Program Files (x86)\Intel\iCLS Client\;C:\Program Files\Intel\iCLS Client\;C:\Windows\system32;C:\Windows;C:\Windows\System32\Wbem;C:\Windows\System32\WindowsPowerShell\v1.0\;C:\Program Files\Intel\Intel(R) Management Engine Components\DAL;C:\Program Files\Intel\Intel(R) Management Engine Components\IPT;C:\Program Files (x86)\Intel\Intel(R) Management Engine Components\DAL;C:\Program Files (x86)\Intel\Intel(R) Management Engine Components\IPT;C:\Program Files (x86)\Intel\OpenCL SDK\2.0\bin\x86;C:\Program Files (x86)\Intel\OpenCL SDK\2.0\bin\x64;c:\Program Files (x86)\Microsoft SQL Server\100\Tools\Binn\;c:\Program Files\Microsoft SQL Server\100\Tools\Binn\;c:\Program Files\Microsoft SQL Server\100\DTS\Binn\;C:\Program Files (x86)\Microsoft ASP.NET\ASP.NET Web Pages\v1.0\;C:\Program Files\Microsoft SQL Server\110\Tools\Binn\;c:\Program Files (x86)\Microsoft SQL Server\100\Tools\Binn\VSShell\Common7\IDE\;c:\Program Files (x86)\Microsoft SQL Server\100\DTS\Binn\;C:\Program Files\Microsoft\Web Platform Installer\;C:\Program Files (x86)\Skype\Phone\;C:\Windows\system32\config\systemprofile\.dnx\bin;C:\Program Files\Microsoft DNX\Dnvm\;C:\Program Files\Microsoft SQL Server\130\Tools\Binn\;C:\Program Files (x86)\Windows Kits\8.1\Windows Performance Toolkit\;C:\Program Files\Microsoft SQL Server\120\Tools\Binn\;C:\Program Files\Git\cmd;C:\Program Files\nodejs\;C:\Program Files (x86)\Heroku\bin;C:\Program Files (x86)\git\cmd;C:\Program Files (x86)\Git\cmd;C:\Users\Vivi\AppData\Local\Programs\Python\Python35-32\Scripts\;C:\Users\Vivi\AppData\Local\Programs\Python\Python35-32\;C:\Users\Vivi\AppData\Roaming\npm
USERNAME=Vivi
OS=Windows_NT
PROCESSOR_IDENTIFIER=Intel64 Family 6 Model 58 Stepping 9, GenuineIntel



---------------  S Y S T E M  ---------------

OS: Windows 7 , 64 bit Build 7601 (6.1.7601.23569)

CPU:total 8 (4 cores per cpu, 2 threads per core) family 6 model 58 stepping 9, cmov, cx8, fxsr, mmx, sse, sse2, sse3, ssse3, sse4.1, sse4.2, popcnt, avx, aes, clmul, erms, ht, tsc, tscinvbit, tscinv

Memory: 4k page, physical 8268092k(268944k free), swap 20941992k(4428k free)

vm_info: Java HotSpot(TM) 64-Bit Server VM (25.101-b13) for windows-amd64 JRE (1.8.0_101-b13), built on Jun 22 2016 01:21:29 by "java_re" with MS VC++ 10.0 (VS2010)

time: Fri Nov 18 16:27:19 2016
elapsed time: 3 seconds (0d 0h 0m 3s)

